android-gcm-client/app/build/outputs/logs/manifest-merger-debug-report.txt
-- Merging decision tree log ---
manifest
ADDED from src/main/AndroidManifest.xml:2:1-50:12
	package
		ADDED from src/main/AndroidManifest.xml:3:5-38
		INJECTED from src/main/AndroidManifest.xml
		INJECTED from src/main/AndroidManifest.xml
	android:versionName
		ADDED from src/main/AndroidManifest.xml:5:5-30
	android:versionCode
		ADDED from src/main/AndroidManifest.xml:4:5-28
		INJECTED from src/main/AndroidManifest.xml
		INJECTED from src/main/AndroidManifest.xml
	xmlns:android
		ADDED from src/main/AndroidManifest.xml:2:11-69
uses-sdk
ADDED from src/main/AndroidManifest.xml:7:5-9:41
MERGED from [com.google.android.gms:play-services:5.0.89] AndroidManifest.xml:15:5-42
	android:targetSdkVersion
		ADDED from src/main/AndroidManifest.xml:9:9-38
		INJECTED from src/main/AndroidManifest.xml
		INJECTED from src/main/AndroidManifest.xml
	android:minSdkVersion
		ADDED from src/main/AndroidManifest.xml:8:9-34
		INJECTED from src/main/AndroidManifest.xml
		INJECTED from src/main/AndroidManifest.xml
uses-permission#android.permission.INTERNET
ADDED from src/main/AndroidManifest.xml:11:5-67
	android:name
		ADDED from src/main/AndroidManifest.xml:11:22-64
uses-permission#android.permission.GET_ACCOUNTS
ADDED from src/main/AndroidManifest.xml:12:5-71
	android:name
		ADDED from src/main/AndroidManifest.xml:12:22-68
uses-permission#android.permission.WAKE_LOCK
ADDED from src/main/AndroidManifest.xml:13:5-68
	android:name
		ADDED from src/main/AndroidManifest.xml:13:22-65
uses-permission#com.google.android.c2dm.permission.RECEIVE
ADDED from src/main/AndroidManifest.xml:14:5-82
	android:name
		ADDED from src/main/AndroidManifest.xml:14:22-79
permission#com.hmkcode.android.gcm.permission.C2D_MESSAGE
ADDED from src/main/AndroidManifest.xml:16:5-17:47
	android:protectionLevel
		ADDED from src/main/AndroidManifest.xml:17:9-44
	android:name
		ADDED from src/main/AndroidManifest.xml:16:17-78
uses-permission#com.hmkcode.android.gcm.permission.C2D_MESSAGE
ADDED from src/main/AndroidManifest.xml:18:5-86
	android:name
		ADDED from src/main/AndroidManifest.xml:18:22-83
application
ADDED from src/main/AndroidManifest.xml:20:5-48:19
MERGED from [com.google.android.gms:play-services:5.0.89] AndroidManifest.xml:16:5-19
	android:label
		ADDED from src/main/AndroidManifest.xml:24:9-41
	android:allowBackup
		ADDED from src/main/AndroidManifest.xml:22:9-35
	android:icon
		ADDED from src/main/AndroidManifest.xml:23:9-45
	android:theme
		ADDED from src/main/AndroidManifest.xml:25:9-40
activity#com.hmkcode.android.gcm.MainActivity
ADDED from src/main/AndroidManifest.xml:27:9-35:20
	android:label
		ADDED from src/main/AndroidManifest.xml:29:13-45
	android:name
		ADDED from src/main/AndroidManifest.xml:28:13-64
intent-filter#android.intent.action.MAIN+android.intent.category.LAUNCHER
ADDED from src/main/AndroidManifest.xml:30:13-34:29
action#android.intent.action.MAIN
ADDED from src/main/AndroidManifest.xml:31:17-69
	android:name
		ADDED from src/main/AndroidManifest.xml:31:25-66
category#android.intent.category.LAUNCHER
ADDED from src/main/AndroidManifest.xml:33:17-77
	android:name
		ADDED from src/main/AndroidManifest.xml:33:27-74
receiver#com.hmkcode.android.gcm.GcmBroadcastReceiver
ADDED from src/main/AndroidManifest.xml:36:9-43:20
	android:permission
		ADDED from src/main/AndroidManifest.xml:38:13-73
	android:name
		ADDED from src/main/AndroidManifest.xml:37:13-72
intent-filter#com.google.android.c2dm.intent.RECEIVE+com.hmkcode.android.gcm
ADDED from src/main/AndroidManifest.xml:39:13-42:29
action#com.google.android.c2dm.intent.RECEIVE
ADDED from src/main/AndroidManifest.xml:40:17-81
	android:name
		ADDED from src/main/AndroidManifest.xml:40:25-78
category#com.hmkcode.android.gcm
ADDED from src/main/AndroidManifest.xml:41:17-68
	android:name
		ADDED from src/main/AndroidManifest.xml:41:27-65
service#com.hmkcode.android.gcm.GcmMessageHandler
ADDED from src/main/AndroidManifest.xml:44:9-77
	android:name
		ADDED from src/main/AndroidManifest.xml:44:18-74
meta-data#com.google.android.gms.version
ADDED from src/main/AndroidManifest.xml:46:9-47:68
	android:value
		ADDED from src/main/AndroidManifest.xml:47:12-65
	android:name
		ADDED from src/main/AndroidManifest.xml:46:20-65